<?xml version="1.0" encoding="UTF-8"?>
<testng-results skipped="0" failed="0" ignored="0" total="2" passed="2">
  <reporter-output>
  </reporter-output>
  <suite name="Suite" duration-ms="47" started-at="2021-08-03T10:45:27Z" finished-at="2021-08-03T10:45:27Z">
    <groups>
    </groups>
    <test name="Test" duration-ms="47" started-at="2021-08-03T10:45:27Z" finished-at="2021-08-03T10:45:27Z">
      <class name="demoTestNg.Demo2">
        <test-method status="PASS" signature="bs()[pri:0, instance:demoTestNg.Demo2@314c508a]" name="bs" is-config="true" duration-ms="10" started-at="2021-08-03T10:45:27Z" finished-at="2021-08-03T10:45:27Z">
          <reporter-output>
          </reporter-output>
        </test-method> <!-- bs -->
        <test-method status="PASS" signature="bt()[pri:0, instance:demoTestNg.Demo2@314c508a]" name="bt" is-config="true" duration-ms="1" started-at="2021-08-03T10:45:27Z" finished-at="2021-08-03T10:45:27Z">
          <reporter-output>
          </reporter-output>
        </test-method> <!-- bt -->
        <test-method status="PASS" signature="bc()[pri:0, instance:demoTestNg.Demo2@314c508a]" name="bc" is-config="true" duration-ms="3" started-at="2021-08-03T10:45:27Z" finished-at="2021-08-03T10:45:27Z">
          <reporter-output>
          </reporter-output>
        </test-method> <!-- bc -->
        <test-method status="PASS" signature="bm()[pri:0, instance:demoTestNg.Demo2@314c508a]" name="bm" is-config="true" duration-ms="1" started-at="2021-08-03T10:45:27Z" finished-at="2021-08-03T10:45:27Z">
          <reporter-output>
          </reporter-output>
        </test-method> <!-- bm -->
        <test-method status="PASS" signature="tc1()[pri:0, instance:demoTestNg.Demo2@314c508a]" name="tc1" duration-ms="0" started-at="2021-08-03T10:45:27Z" finished-at="2021-08-03T10:45:27Z">
          <reporter-output>
          </reporter-output>
        </test-method> <!-- tc1 -->
        <test-method status="PASS" signature="am()[pri:0, instance:demoTestNg.Demo2@314c508a]" name="am" is-config="true" duration-ms="1" started-at="2021-08-03T10:45:27Z" finished-at="2021-08-03T10:45:27Z">
          <reporter-output>
          </reporter-output>
        </test-method> <!-- am -->
        <test-method status="PASS" signature="bm()[pri:0, instance:demoTestNg.Demo2@314c508a]" name="bm" is-config="true" duration-ms="0" started-at="2021-08-03T10:45:27Z" finished-at="2021-08-03T10:45:27Z">
          <reporter-output>
          </reporter-output>
        </test-method> <!-- bm -->
        <test-method status="PASS" signature="tc2()[pri:0, instance:demoTestNg.Demo2@314c508a]" name="tc2" duration-ms="0" started-at="2021-08-03T10:45:27Z" finished-at="2021-08-03T10:45:27Z">
          <reporter-output>
          </reporter-output>
        </test-method> <!-- tc2 -->
        <test-method status="PASS" signature="am()[pri:0, instance:demoTestNg.Demo2@314c508a]" name="am" is-config="true" duration-ms="0" started-at="2021-08-03T10:45:27Z" finished-at="2021-08-03T10:45:27Z">
          <reporter-output>
          </reporter-output>
        </test-method> <!-- am -->
        <test-method status="PASS" signature="ac()[pri:0, instance:demoTestNg.Demo2@314c508a]" name="ac" is-config="true" duration-ms="0" started-at="2021-08-03T10:45:27Z" finished-at="2021-08-03T10:45:27Z">
          <reporter-output>
          </reporter-output>
        </test-method> <!-- ac -->
        <test-method status="PASS" signature="at()[pri:0, instance:demoTestNg.Demo2@314c508a]" name="at" is-config="true" duration-ms="1" started-at="2021-08-03T10:45:27Z" finished-at="2021-08-03T10:45:27Z">
          <reporter-output>
          </reporter-output>
        </test-method> <!-- at -->
        <test-method status="PASS" signature="as()[pri:0, instance:demoTestNg.Demo2@314c508a]" name="as" is-config="true" duration-ms="0" started-at="2021-08-03T10:45:27Z" finished-at="2021-08-03T10:45:27Z">
          <reporter-output>
          </reporter-output>
        </test-method> <!-- as -->
      </class> <!-- demoTestNg.Demo2 -->
    </test> <!-- Test -->
  </suite> <!-- Suite -->
</testng-results>
